
> ft_transcendence@1.0.0 dev
> vite


  VITE v4.5.14  ready in 127 ms

  ➜  Local:   http://localhost:3000/
  ➜  Network: http://192.168.0.105:3000/
  ➜  Network: http://10.144.78.153:3000/
(node:18564) [DEP0060] DeprecationWarning: The `util._extend` API is deprecated. Please use Object.assign() instead.
(Use `node --trace-deprecation ...` to show where the warning was created)
20:45:06 [vite] http proxy error at /api/users/register:
AggregateError [ECONNREFUSED]: 
    at internalConnectMultiple (node:net:1139:18)
    at afterConnectMultiple (node:net:1714:7)
20:45:09 [vite] http proxy error at /api/users/register:
AggregateError [ECONNREFUSED]: 
    at internalConnectMultiple (node:net:1139:18)
    at afterConnectMultiple (node:net:1714:7)
20:45:18 [vite] http proxy error at /api/users/register:
AggregateError [ECONNREFUSED]: 
    at internalConnectMultiple (node:net:1139:18)
    at afterConnectMultiple (node:net:1714:7)
20:45:18 [vite] http proxy error at /api/users/register:
AggregateError [ECONNREFUSED]: 
    at internalConnectMultiple (node:net:1139:18)
    at afterConnectMultiple (node:net:1714:7)
20:45:18 [vite] http proxy error at /api/users/register:
AggregateError [ECONNREFUSED]: 
    at internalConnectMultiple (node:net:1139:18)
    at afterConnectMultiple (node:net:1714:7)
20:45:19 [vite] http proxy error at /api/users/nonexistent:
AggregateError [ECONNREFUSED]: 
    at internalConnectMultiple (node:net:1139:18)
    at afterConnectMultiple (node:net:1714:7)
20:45:19 [vite] http proxy error at /api/users/register:
AggregateError [ECONNREFUSED]: 
    at internalConnectMultiple (node:net:1139:18)
    at afterConnectMultiple (node:net:1714:7)
20:47:10 [vite] hmr update /src/pages/RegisterPage.tsx, /src/index.css
20:47:10 [vite] hmr update /src/pages/RegisterPage.tsx, /src/index.css
